2022-09-25 22:06:58,364 [Worker-4: Loading available Gradle versions] INFO  o.e.b.c.i.u.g.PublishedGradleVersions - Gradle version information cache is up-to-date. Trying to read.
2022-09-25 22:08:57,649 [Worker-7: Creating maven-archetype-quickstart] INFO  o.e.m.c.i.p.ProjectConfigurationManager - Collecting project info '/pom.xml' C:\Users\jpretelv\proyectomaven\Project\pom.xml
2022-09-25 22:08:59,333 [Worker-7: Creating maven-archetype-quickstart] INFO  o.e.m.c.i.l.LifecycleMappingFactory - Using org.eclipse.m2e.jdt.JarLifecycleMapping lifecycle mapping for MavenProject: Test:Project:0.0.1-SNAPSHOT @ C:\Users\jpretelv\proyectomaven\Project\pom.xml.
2022-09-25 22:09:00,743 [Worker-7: Creating maven-archetype-quickstart] INFO  o.e.m.j.i.AbstractJavaProjectConfigurator - Adding source folder /Project/src/main/java
2022-09-25 22:09:00,758 [Worker-7: Creating maven-archetype-quickstart] INFO  o.e.m.j.i.AbstractJavaProjectConfigurator - Adding source folder /Project/src/test/java
2022-09-25 22:09:02,724 [Worker-7: Creating maven-archetype-quickstart] INFO  o.e.m.c.i.p.ProjectConfigurationManager - Imported and configured 1 project(s) in 5 sec
2022-09-25 22:09:04,598 [Worker-7: Building] INFO  o.e.m.c.i.embedder.EclipseLogger - Using 'UTF-8' encoding to copy filtered resources.
2022-09-25 22:09:04,598 [Worker-7: Building] INFO  o.e.m.c.i.embedder.EclipseLogger - skip non existing resourceDirectory C:\Users\jpretelv\proyectomaven\Project\src\main\resources
2022-09-25 22:09:04,602 [Worker-7: Building] INFO  o.e.m.c.i.embedder.EclipseLogger - Using 'UTF-8' encoding to copy filtered resources.
2022-09-25 22:09:04,603 [Worker-7: Building] INFO  o.e.m.c.i.embedder.EclipseLogger - skip non existing resourceDirectory C:\Users\jpretelv\proyectomaven\Project\src\test\resources
2022-09-25 22:09:11,157 [Worker-7: Building] INFO  o.e.m.c.i.embedder.EclipseLogger - Using 'UTF-8' encoding to copy filtered resources.
2022-09-25 22:09:11,158 [Worker-7: Building] INFO  o.e.m.c.i.embedder.EclipseLogger - skip non existing resourceDirectory C:\Users\jpretelv\proyectomaven\Project\src\main\resources
2022-09-25 22:09:11,161 [Worker-7: Building] INFO  o.e.m.c.i.embedder.EclipseLogger - Using 'UTF-8' encoding to copy filtered resources.
2022-09-25 22:09:11,162 [Worker-7: Building] INFO  o.e.m.c.i.embedder.EclipseLogger - skip non existing resourceDirectory C:\Users\jpretelv\proyectomaven\Project\src\test\resources
2022-09-25 22:11:32,323 [main] INFO  o.e.m2e.actions.ExecutePomAction - Creating new launch configuration
2022-09-25 22:11:43,294 [Worker-11: Launching Project] INFO  o.e.m.i.launch.MavenLaunchDelegate - C:\Users\jpretelv\proyectomaven\Project
2022-09-25 22:11:43,306 [Worker-11: Launching Project] INFO  o.e.m.i.launch.MavenLaunchDelegate -  mvn -B compile
2022-09-25 22:12:38,742 [Worker-13: Building] INFO  o.e.m.c.i.embedder.EclipseLogger - Using 'UTF-8' encoding to copy filtered resources.
2022-09-25 22:12:38,743 [Worker-13: Building] INFO  o.e.m.c.i.embedder.EclipseLogger - skip non existing resourceDirectory C:\Users\jpretelv\proyectomaven\Project\src\main\resources
2022-09-25 22:12:38,744 [Worker-13: Building] INFO  o.e.m.c.i.embedder.EclipseLogger - Using 'UTF-8' encoding to copy filtered resources.
2022-09-25 22:12:38,744 [Worker-13: Building] INFO  o.e.m.c.i.embedder.EclipseLogger - skip non existing resourceDirectory C:\Users\jpretelv\proyectomaven\Project\src\test\resources
2022-09-25 22:12:48,922 [main] INFO  o.e.m2e.actions.ExecutePomAction - Using existing launch configuration
2022-09-25 22:12:49,054 [Worker-16: Launching Project] INFO  o.e.m.i.launch.MavenLaunchDelegate - C:\Users\jpretelv\proyectomaven\Project
2022-09-25 22:12:49,055 [Worker-16: Launching Project] INFO  o.e.m.i.launch.MavenLaunchDelegate -  mvn -B compile
